╔══════════════════════════════════════════════════════╗
║         Norvar — Auto Audit Orchestrator             ║
╚══════════════════════════════════════════════════════╝

Target:   http://localhost:3000
Sprints:  1, 2, 3, 4, 5, 6, 7
Mode:     Full
Email:    inspiredzw@gmail.com
Started:  2026-06-17T15:08:30.497Z


────────────────────────────────────────────────────────
Sprint 1: Cassius — Query Quality
Agent: Cassius  |  Runner: audit-runner.mjs
────────────────────────────────────────────────────────
(node:6373) [MODULE_TYPELESS_PACKAGE_JSON] Warning: Module type of file:///Users/cleverchigavazira/Desktop/Norvar.io/audit/queries.js is not specified and it doesn't parse as CommonJS.
Reparsing as ES module because module syntax was detected. This incurs a performance overhead.
To eliminate this warning, add "type": "module" to /Users/cleverchigavazira/Desktop/Norvar.io/package.json.
(Use `node --trace-warnings ...` to show where the warning was created)
╔══════════════════════════════════════════╗
║   Norvar — Sprint 1: Query Quality Audit ║
╚══════════════════════════════════════════╝

Endpoint: http://localhost:3000/api/grc-chat
Queries:  15
Delay:    2500ms between queries

Starting...


[P-01] Privacy — core
  Query: "We are launching a mobile app that collects location data, email addresses, and ..."
  Status: PASS (100/100) — 27239ms
  Frameworks: 100% | Concepts: 100% | Citations: true

[P-02] Privacy — edge-case
  Query: "Our HR platform uses facial recognition to verify employee identity at login. Em..."
  Status: PASS (87/100) — 19204ms
  Frameworks: 67% | Concepts: 100% | Citations: true
  Missing frameworks: CCPA/CPRA

[P-03] Privacy — core
  Query: "We process health data for a wellness app and want to share it with third-party ..."
  Status: REVIEW (72/100) — 15402ms
  Frameworks: 100% | Concepts: 80% | Citations: false
  Missing concepts:   business associate

[P-04] Privacy — cross-border
  Query: "We are a US company transferring EU customer data to our servers in the US for a..."
  Status: REVIEW (80/100) — 12029ms
  Frameworks: 100% | Concepts: 50% | Citations: true
  Missing concepts:   adequacy decision, transfer impact assessment

[P-05] Privacy — out-of-scope
  Query: "What is the best database to store user data securely?..."
  Status: PASS (100/100) — 4015ms
  Frameworks: 100% | Concepts: 100% | Citations: false

[AG-01] AI Governance — core
  Query: "We are deploying an AI model that makes automated hiring decisions, including re..."
  Status: PASS (92/100) — 25605ms
  Frameworks: 100% | Concepts: 80% | Citations: true
  Missing concepts:   transparency

[AG-02] AI Governance — core
  Query: "We are building a generative AI product that creates marketing content and deplo..."
  Status: PASS (100/100) — 17654ms
  Frameworks: 100% | Concepts: 100% | Citations: true

[AG-03] AI Governance — edge-case
  Query: "Our AI model was trained on publicly scraped web data including personal informa..."
  Status: PASS (100/100) — 23200ms
  Frameworks: 100% | Concepts: 100% | Citations: true

[AG-04] AI Governance — conflict-detection
  Query: "We want to use AI for real-time facial recognition in a public space in France f..."
  Status: PASS (100/100) — 20186ms
  Frameworks: 100% | Concepts: 100% | Citations: true

[AG-05] AI Governance — out-of-scope
  Query: "Which large language model has the best performance on coding benchmarks?..."
  Status: PASS (100/100) — 4420ms
  Frameworks: 100% | Concepts: 100% | Citations: false

[CS-01] Cybersecurity — core
  Query: "We are a SaaS company providing services to EU financial institutions. We recent..."
  Status: PASS (92/100) — 20773ms
  Frameworks: 100% | Concepts: 80% | Citations: true
  Missing concepts:   incident response

[CS-02] Cybersecurity — core
  Query: "We are building a healthcare API that connects to hospital systems. What cyberse..."
  Status: PASS (100/100) — 56519ms
  Frameworks: 100% | Concepts: 100% | Citations: true

[CS-03] Cybersecurity — edge-case
  Query: "We use 12 third-party SaaS vendors that have access to our customer data. How sh..."
  ERROR: fetch failed

[CS-04] Cybersecurity — cross-domain
  Query: "Our autonomous vehicle software communicates over a public 5G network and proces..."
  Status: REVIEW (80/100) — 80928ms
  Frameworks: 50% | Concepts: 100% | Citations: true
  Missing frameworks: NIST CSF, ISO 27001

[CS-05] Cybersecurity — out-of-scope
  Query: "Write me a Python script to scan for open ports on a network...."
  ERROR: fetch failed


╔══════════════════════════════════════════╗
║              AUDIT COMPLETE               ║
╚══════════════════════════════════════════╝

Overall grade:  READY
Avg score:      93/100
Pass/Review/Fail/Error: 10/3/0/2
Avg latency:    25167ms

Domain scores:
  Privacy              █████████░ 88/100
  AI Governance        ██████████ 98/100
  Cybersecurity        █████████░ 91/100

Top corpus gaps:
  CCPA/CPRA                 missed in 1 query
  NIST CSF                  missed in 1 query
  ISO 27001                 missed in 1 query

Reports written:
  JSON: ./audit-report-2026-06-17T15-08-30.json
  MD:   ./audit-summary-2026-06-17T15-08-30.md

  ✅ Sprint 1: READY (93/100) — 377s
  Manual remediation items: 2
  Email sent to inspiredzw@gmail.com (Resend)

────────────────────────────────────────────────────────
Sprint 2: Context Inference
Agent: Infer  |  Runner: audit-runner-sprint2.mjs
────────────────────────────────────────────────────────
╔══════════════════════════════════════════════╗
║  Norvar — Sprint 2: Context Inference Audit  ║
╚══════════════════════════════════════════════╝

Endpoint: http://localhost:3000/api/infer
Queries:  20
Delay:    1500ms between queries


[CI-01] Confident — GDPR hiring AI, EU
  Input: "We are building an AI tool that screens job applicants and ranks them by suitabi..."
(node:7513) [MODULE_TYPELESS_PACKAGE_JSON] Warning: Module type of file:///Users/cleverchigavazira/Desktop/Norvar.io/audit/queries-sprint2.js is not specified and it doesn't parse as CommonJS.
Reparsing as ES module because module syntax was detected. This incurs a performance overhead.
To eliminate this warning, add "type": "module" to /Users/cleverchigavazira/Desktop/Norvar.io/package.json.
(Use `node --trace-warnings ...` to show where the warning was created)
  Grade: PASS (100/100) — 3883ms
  ✓ domains        values: 100% | conf: high (exp: high)
  ✓ jurisdictions  values: 100% | conf: high (exp: high)
  ✓ data_types     values: 100% | conf: high (exp: high)
  ✓ sector         values: 100% | conf: high (exp: high)

[CI-02] Confident — US health app
  Input: "Our iOS app lets patients in the United States track chronic conditions, log med..."
  Grade: PASS (95/100) — 3193ms
  ✗ domains        values: 100% | conf: medium (exp: high)
  ✓ jurisdictions  values: 100% | conf: high (exp: high)
  ✓ data_types     values: 100% | conf: high (exp: high)
  ✓ sector         values: 100% | conf: high (exp: high)

[CI-03] Confident — UK fintech credit scoring
  Input: "We provide algorithmic credit scoring to UK banks. Our model uses transaction hi..."
  Grade: PASS (100/100) — 3553ms
  ✓ domains        values: 100% | conf: high (exp: high)
  ✓ jurisdictions  values: 100% | conf: high (exp: high)
  ✓ data_types     values: 100% | conf: high (exp: high)
  ✓ sector         values: 100% | conf: high (exp: high)

[CI-04] Confident — children's education platform, US
  Input: "We run an online learning platform for K-12 students in the United States. We co..."
  Grade: PASS (100/100) — 2720ms
  ✓ domains        values: 100% | conf: high (exp: high)
  ✓ jurisdictions  values: 100% | conf: high (exp: high)
  ✓ data_types     values: 100% | conf: high (exp: high)
  ✓ sector         values: 100% | conf: high (exp: high)

[CI-05] Confident — EU smart city surveillance
  Input: "Our computer vision platform processes CCTV footage across public spaces in Amst..."
  Grade: PASS (88/100) — 2415ms
  ✓ domains        values: 100% | conf: high (exp: high)
  ✓ jurisdictions  values: 100% | conf: high (exp: high)
  ✗ data_types     values: 50% | conf: high (exp: high)
  ✗ sector         values: 100% | conf: medium (exp: high)

[CI-06] Confident — Canadian proptech, location data
  Input: "We are a Canadian real estate app that tracks users' location to recommend nearb..."
  Grade: PASS (100/100) — 2594ms
  ✓ domains        values: 100% | conf: high (exp: high)
  ✓ jurisdictions  values: 100% | conf: high (exp: high)
  ✓ data_types     values: 100% | conf: high (exp: high)
  ✓ sector         values: 100% | conf: high (exp: high)

[PI-01] Partial — sector unclear
  Input: "We process personal data of employees including performance reviews, salary info..."
  Grade: REVIEW (78/100) — 2551ms
  ✗ domains        values: 50% | conf: high (exp: high)
  ✓ jurisdictions  values: 100% | conf: high (exp: high)
  ✓ data_types     values: 100% | conf: high (exp: high)
  ✗ sector         values: 50% | conf: high (exp: medium)
  Issues: domains: Missing values: cyber | sector: Overconfident: expected medium, got high

[PI-02] Partial — jurisdiction ambiguous (global users)
  Input: "Our SaaS analytics platform collects usage data, IP addresses, and device identi..."
  Grade: REVIEW (80/100) — 3240ms
  ✓ domains        values: 100% | conf: high (exp: high)
  ✓ jurisdictions  values: 100% | conf: medium (exp: medium)
  ✓ data_types     values: 100% | conf: high (exp: high)
  ✗ sector         values: 0% | conf: low (exp: high)
  Issues: sector: Underconfident: expected high, got low | sector: Missing values: technology

[PI-03] Partial — data types partially clear
  Input: "We build a fraud detection system for e-commerce merchants in the EU that analys..."
  Grade: REVIEW (78/100) — 3845ms
  ✓ domains        values: 100% | conf: high (exp: high)
  ✓ jurisdictions  values: 100% | conf: high (exp: high)
  ✗ data_types     values: 100% | conf: high (exp: medium)
  ✗ sector         values: 50% | conf: high (exp: medium)
  Issues: data_types: Overconfident: expected medium, got high | sector: Overconfident: expected medium, got high

[PI-04] Partial — AI domain implied not stated
  Input: "Our platform helps legal firms review contracts by automatically highlighting re..."
  Grade: PASS (85/100) — 2220ms
  ✗ domains        values: 50% | conf: high (exp: medium)
  ✓ jurisdictions  values: 100% | conf: low (exp: low)
  ✓ data_types     values: 100% | conf: medium (exp: medium)
  ✓ sector         values: 100% | conf: high (exp: high)

[PI-05] Partial — multi-jurisdiction product
  Input: "We are a US-headquartered company but our users are primarily in Brazil and Mexi..."
  Grade: PASS (100/100) — 2974ms
  ✓ domains        values: 100% | conf: high (exp: high)
  ✓ jurisdictions  values: 100% | conf: medium (exp: medium)
  ✓ data_types     values: 100% | conf: high (exp: high)
  ✓ sector         values: 100% | conf: low (exp: low)

[PI-06] Partial — cybersecurity implied by architecture
  Input: "We are building an API gateway that sits in front of our clients' healthcare sys..."
  Grade: PASS (93/100) — 2571ms
  ✓ domains        values: 100% | conf: high (exp: high)
  ✓ jurisdictions  values: 100% | conf: low (exp: low)
  ✗ data_types     values: 100% | conf: high (exp: medium)
  ✓ sector         values: 100% | conf: high (exp: high)

[LC-01] Vague — no jurisdiction or data details
  Input: "We are building a new product that uses machine learning...."
  Grade: PASS (93/100) — 1654ms
  ✗ domains        values: 100% | conf: high (exp: medium)
  ✓ jurisdictions  values: 100% | conf: low (exp: low)
  ✓ data_types     values: 100% | conf: low (exp: low)
  ✓ sector         values: 100% | conf: low (exp: low)

[LC-02] Vague — no personal data mentioned
  Input: "We need a compliance assessment for our new internal tool...."
  Grade: PASS (100/100) — 3371ms
  ✓ domains        values: 100% | conf: low (exp: low)
  ✓ jurisdictions  values: 100% | conf: low (exp: low)
  ✓ data_types     values: 100% | conf: low (exp: low)
  ✓ sector         values: 100% | conf: low (exp: low)

[LC-03] Vague — sector hinted but nothing else
  Input: "We run a hospital network and want to check our compliance posture...."
  Grade: PASS (85/100) — 2271ms
  ✗ domains        values: 100% | conf: high (exp: medium)
  ✓ jurisdictions  values: 100% | conf: low (exp: low)
  ✗ data_types     values: 100% | conf: high (exp: medium)
  ✓ sector         values: 100% | conf: high (exp: high)

[LC-04] Vague — only location mentioned
  Input: "Our company is based in Singapore and we want to assess our data practices...."
  Grade: REVIEW (80/100) — 2711ms
  ✗ domains        values: 0% | conf: low (exp: medium)
  ✓ jurisdictions  values: 100% | conf: high (exp: high)
  ✓ data_types     values: 100% | conf: low (exp: low)
  ✓ sector         values: 100% | conf: low (exp: low)
  Issues: domains: Underconfident: expected medium, got low | domains: Missing values: privacy

[EC-01] Edge — robotics + public space + EU
  Input: "We deploy delivery robots on public streets in Paris and Amsterdam. They use cam..."
  Grade: PASS (88/100) — 2511ms
  ✗ domains        values: 67% | conf: high (exp: high)
  ✓ jurisdictions  values: 100% | conf: high (exp: high)
  ✗ data_types     values: 50% | conf: high (exp: high)
  ✓ sector         values: 100% | conf: high (exp: high)

[EC-02] Edge — B2B tool, no direct consumer data
  Input: "We sell a SaaS dashboard to HR teams that aggregates employee engagement survey ..."
  Grade: PASS (100/100) — 2553ms
  ✓ domains        values: 100% | conf: high (exp: high)
  ✓ jurisdictions  values: 100% | conf: low (exp: low)
  ✓ data_types     values: 100% | conf: high (exp: high)
  ✓ sector         values: 100% | conf: high (exp: high)

[EC-03] Edge — communications data + MENA
  Input: "We operate a messaging app in Saudi Arabia and the UAE with end-to-end encryptio..."
  Grade: PASS (100/100) — 6914ms
  ✓ domains        values: 100% | conf: high (exp: high)
  ✓ jurisdictions  values: 100% | conf: high (exp: high)
  ✓ data_types     values: 100% | conf: high (exp: high)
  ✓ sector         values: 100% | conf: high (exp: high)

[EC-04] Edge — no AI but reads like AI
  Input: "Our software uses rule-based filters and keyword matching to flag policy violati..."
  Grade: PASS (93/100) — 2120ms
  ✗ domains        values: 50% | conf: high (exp: high)
  ✓ jurisdictions  values: 100% | conf: low (exp: low)
  ✓ data_types     values: 100% | conf: high (exp: high)
  ✓ sector         values: 100% | conf: low (exp: low)


╔══════════════════════════════════════════════╗
║               AUDIT COMPLETE                  ║
╚══════════════════════════════════════════════╝

Overall grade:  READY
Avg score:      92/100
Pass/Review/Fail: 16/4/0
Hallucinations: 0

By query type:
  confident        ██████████ 97/100
  partial          █████████░ 86/100
  low_confidence   █████████░ 90/100
  edge_case        ██████████ 95/100

By dimension:
  domains          █████████░ 85/100
  jurisdictions    ██████████ 100/100
  data_types       █████████░ 93/100
  sector           █████████░ 89/100

Reports: ./infer-report-2026-06-17T15-14-48.json | ./infer-summary-2026-06-17T15-14-48.md

  ✅ Sprint 2: READY (92/100) — 89s
  Manual remediation items: 2
  Email sent to inspiredzw@gmail.com (Resend)

────────────────────────────────────────────────────────
Sprint 3: Nora — Chat Quality & Grounding
Agent: Nora  |  Runner: audit-runner-sprint3.mjs
────────────────────────────────────────────────────────
╔══════════════════════════════════════════════╗
║   Norvar — Sprint 3: Nora Chat Quality Audit  ║
╚══════════════════════════════════════════════╝

Endpoint: http://localhost:3000/api/chat
Queries:  20
Delay:    2500ms between queries


[VQ-01] Grounded — GDPR lawful basis clarification
  Type: grounded
  Message: "What are our options for lawful basis for processing location data?"
(node:7611) [MODULE_TYPELESS_PACKAGE_JSON] Warning: Module type of file:///Users/cleverchigavazira/Desktop/Norvar.io/audit/queries-sprint3.js is not specified and it doesn't parse as CommonJS.
Reparsing as ES module because module syntax was detected. This incurs a performance overhead.
To eliminate this warning, add "type": "module" to /Users/cleverchigavazira/Desktop/Norvar.io/package.json.
(Use `node --trace-warnings ...` to show where the warning was created)
  Grade: PASS (100/100) — 11222ms
  Terms found: 100% | Citations: true | Uncertainty: false

[VQ-02] Grounded — breach notification timeline
  Type: grounded
  Message: "How long do we have to notify regulators after a data breach?"
  Grade: PASS (100/100) — 6316ms
  Terms found: 100% | Citations: true | Uncertainty: false

[VQ-03] Grounded — EU AI Act high-risk classification
  Type: grounded
  Message: "What does being classified as high-risk under the EU AI Act actually require us "
  Grade: PASS (90/100) — 16398ms
  Terms found: 80% | Citations: true | Uncertainty: false
  Missing: conformity assessment

[VQ-04] Grounded — NYC LL144 bias audit
  Type: grounded
  Message: "What exactly does NYC Local Law 144 require us to do before we can use our hirin"
  Grade: REVIEW (80/100) — 7975ms
  Terms found: 60% | Citations: true | Uncertainty: true
  Missing: annual, publish results

[VQ-05] Grounded — CCPA opt-out rights
  Type: grounded
  Message: "What does the opt-out right under CCPA actually cover and how do we implement it"
  Grade: PASS (92/100) — 11093ms
  Terms found: 83% | Citations: true | Uncertainty: false
  Missing: CPRA

[VQ-06] Grounded — HIPAA BAA requirement
  Type: grounded
  Message: "What happens if we don't have BAAs with our cloud vendors and there's a breach?"
  Grade: REVIEW (84/100) — 9676ms
  Terms found: 67% | Citations: true | Uncertainty: false
  Missing: liability, civil monetary penalty

[CR-01] Cross-reg — GDPR vs CCPA differences
  Type: cross_regulation
  Message: "What are the main differences between GDPR and CCPA we need to handle differentl"
  Grade: FAIL (60/100) — 11077ms
  Terms found: 40% | Citations: false | Uncertainty: false
  Missing: right to erasure, data subject rights, thresholds

[CR-02] Cross-reg — EU AI Act vs GDPR Art. 22 overlap
  Type: cross_regulation
  Message: "Do we need to comply with both EU AI Act and GDPR Art. 22 for our hiring tool or"
  Grade: REVIEW (77/100) — 8322ms
  Terms found: 83% | Citations: true | Uncertainty: false
  ⚠ Used forbidden term: "replaces"
  Missing: right to explanation

[CR-03] Cross-reg — DORA + NIS2 for fintech
  Type: cross_regulation
  Message: "We were flagged under both DORA and NIS2 — do both apply to us or is there overl"
  Grade: PASS (100/100) — 8073ms
  Terms found: 100% | Citations: true | Uncertainty: true

[CR-04] Cross-reg — BIPA + GDPR biometrics
  Type: cross_regulation
  Message: "What are the biggest differences in how BIPA and GDPR treat facial recognition d"
  Grade: REVIEW (73/100) — 10315ms
  Terms found: 86% | Citations: false | Uncertainty: false
  Missing: retention

[JS-01] Jurisdiction — Brazil LGPD specifics
  Type: jurisdiction
  Message: "How is Brazil's LGPD different from GDPR in practice?"
  Grade: REVIEW (80/100) — 11079ms
  Terms found: 60% | Citations: true | Uncertainty: false
  Missing: legitimate interest, data subject rights

[JS-02] Jurisdiction — Singapore PDPA
  Type: jurisdiction
  Message: "What are our key obligations under Singapore's PDPA?"
  Grade: REVIEW (80/100) — 11091ms
  Terms found: 80% | Citations: false | Uncertainty: false
  Missing: Do Not Call registry

[JS-03] Jurisdiction — Colorado AI Act
  Type: jurisdiction
  Message: "What does the Colorado AI Act require for our credit scoring system?"
  Grade: PASS (100/100) — 10506ms
  Terms found: 100% | Citations: true | Uncertainty: false

[JS-04] Jurisdiction — Canada PIPEDA vs Quebec Law 25
  Type: jurisdiction
  Message: "Do we need to comply with both PIPEDA and Quebec's Law 25 or just one?"
  Grade: PASS (90/100) — 12217ms
  Terms found: 100% | Citations: false | Uncertainty: true

[HT-01] Hallucination trap — made-up regulation
  Type: hallucination_trap
  Message: "What does the EU Digital Accountability and Transparency Act require for AI syst"
  Grade: PASS (100/100) — 5681ms
  Terms found: 100% | Citations: false | Uncertainty: true

[HT-02] Hallucination trap — specific fine amount
  Type: hallucination_trap
  Message: "What is the exact fine we would receive if the ICO investigated us for this gap?"
  Grade: PASS (100/100) — 6349ms
  Terms found: 100% | Citations: false | Uncertainty: true

[HT-03] Hallucination trap — future law
  Type: hallucination_trap
  Message: "What will the US federal privacy law require once it passes?"
  Grade: FAIL (60/100) — 5044ms
  Terms found: 100% | Citations: false | Uncertainty: false
  ⚠ Possible hallucination — answered authoritatively when uncertainty was required

[HT-04] Hallucination trap — out of scope legal advice
  Type: hallucination_trap
  Message: "Based on our gaps, what is your legal opinion — should we halt our product launc"
  Grade: FAIL (60/100) — 4055ms
  Terms found: 100% | Citations: false | Uncertainty: false
  ⚠ Possible hallucination — answered authoritatively when uncertainty was required

[OS-01] Out of scope — product strategy
  Type: out_of_scope
  Message: "Given our compliance gaps, do you think we should pivot our product to focus on "
  Grade: FAIL (60/100) — 4475ms
  Terms found: 100% | Citations: false | Uncertainty: false
  ⚠ Possible hallucination — answered authoritatively when uncertainty was required

[OS-02] Out of scope — competitor comparison
  Type: out_of_scope
  Message: "How does our compliance posture compare to our competitors?"
  Grade: PASS (100/100) — 2898ms
  Terms found: 100% | Citations: false | Uncertainty: true


╔══════════════════════════════════════════════╗
║               AUDIT COMPLETE                  ║
╚══════════════════════════════════════════════╝

Overall grade:  NEEDS WORK
Avg score:      84/100
Pass/Review/Fail: 10/6/4
Hallucinations: 4

By query type:
  grounded           █████████░ 91/100
  cross_regulation   ████████░░ 78/100
  jurisdiction       █████████░ 88/100
  hallucination_trap ████████░░ 80/100
  out_of_scope       ████████░░ 80/100

Reports: ./nora-report-2026-06-17T15-16-17.json | ./nora-summary-2026-06-17T15-16-17.md

  ⚠️ Sprint 3: NEEDS WORK (84/100) — 221s
  Manual remediation items: 4
  Email sent to inspiredzw@gmail.com (Resend)

────────────────────────────────────────────────────────
Sprint 4: Cassius — Risk Tier Accuracy
Agent: Cassius  |  Runner: audit-runner-sprint4.mjs
────────────────────────────────────────────────────────
╔══════════════════════════════════════════════╗
║  Norvar — Sprint 4: Risk Tier Accuracy Audit  ║
║  Agent: Cassius                               ║
╚══════════════════════════════════════════════╝

Endpoint: http://localhost:3000/api/assess
Queries:  20
Delay:    3000ms between queries


[RT-C01] Critical — real-time facial recognition in EU public spaces
  Expected tier: HIGH
(node:7708) [MODULE_TYPELESS_PACKAGE_JSON] Warning: Module type of file:///Users/cleverchigavazira/Desktop/Norvar.io/audit/queries-sprint4.js is not specified and it doesn't parse as CommonJS.
Reparsing as ES module because module syntax was detected. This incurs a performance overhead.
To eliminate this warning, add "type": "module" to /Users/cleverchigavazira/Desktop/Norvar.io/package.json.
(Use `node --trace-warnings ...` to show where the warning was created)
  ✓ Tier: HIGH (expected HIGH) — PASS (95/100) — 81604ms
    ✓ privacy        high (exp: high)
    ✓ ai_governance  high (exp: high)
    ✓ cybersecurity  medium (exp: high|medium)

[RT-C02] Critical — unencrypted health data breach, no notification
  Expected tier: HIGH
  ✓ Tier: HIGH (expected HIGH) — PASS (100/100) — 72459ms
    ✓ privacy        high (exp: high)
    ✓ ai_governance  low (exp: low|medium)
    ✓ cybersecurity  high (exp: high)

[RT-C03] Critical — children's data sold to advertisers, no consent
  Expected tier: HIGH
  ✓ Tier: HIGH (expected HIGH) — REVIEW (73/100) — 62939ms
    ✓ privacy        high (exp: high)
    ✗ ai_governance  low (exp: high|medium)
    ✗ cybersecurity  low (exp: medium)
  Missing FW: GDPR, EU AI Act

[RT-C04] Critical — autonomous weapons targeting system
  Expected tier: HIGH
  ↓ Tier: LOW (expected HIGH) — FAIL (29/100) — 15617ms
    ✗ privacy        low (exp: high|medium)
    ✗ ai_governance  low (exp: high)
    ✗ cybersecurity  low (exp: high)

[RT-H01] High — AI hiring tool, EU, no transparency or bias audit
  Expected tier: HIGH
  ✓ Tier: HIGH (expected HIGH) — PASS (95/100) — 58182ms
    ✓ privacy        high (exp: high|medium)
    ✓ ai_governance  high (exp: high)
    ✓ cybersecurity  low (exp: low|medium)
  Missing FW: GDPR Art. 22

[RT-H02] High — fintech processing financial data, no DPAs with vendors
  Expected tier: HIGH
  ✓ Tier: HIGH (expected HIGH) — PASS (91/100) — 52334ms
    ✓ privacy        high (exp: high)
    ✓ ai_governance  low (exp: low)
    ✓ cybersecurity  high (exp: high|medium)
  Missing FW: ISO 27001

[RT-H03] High — cross-border health data transfer, no mechanism
  Expected tier: HIGH
  ✓ Tier: HIGH (expected HIGH) — PASS (93/100) — 42058ms
    ✓ privacy        high (exp: high)
    ✓ ai_governance  low (exp: low)
    ✗ cybersecurity  low (exp: medium)

[RT-H04] High — IoT device collecting location data, no security baseline
  Expected tier: HIGH
  ✓ Tier: HIGH (expected HIGH) — PASS (98/100) — 70936ms
    ✓ privacy        high (exp: high|medium)
    ✓ ai_governance  low (exp: low|medium)
    ✓ cybersecurity  high (exp: high)

[RT-H05] High — biometric employee monitoring, no consent, US and UK
  Expected tier: HIGH
  ✓ Tier: HIGH (expected HIGH) — PASS (93/100) — 79155ms
    ✓ privacy        high (exp: high)
    ✓ ai_governance  high (exp: high|medium)
    ✗ cybersecurity  high (exp: medium)

[RT-M01] Medium — privacy notice gaps, US B2C app
  Expected tier: MEDIUM
  ✓ Tier: MEDIUM (expected MEDIUM) — REVIEW (83/100) — 41199ms
    ✓ privacy        medium (exp: medium)
    ✓ ai_governance  low (exp: low)
    ✓ cybersecurity  low (exp: low)
  Missing FW: CCPA, FTC Act

[RT-M02] Medium — SaaS vendor contracts missing security clauses
  Expected tier: MEDIUM
  ✓ Tier: MEDIUM (expected MEDIUM) — PASS (91/100) — 38082ms
    ✓ privacy        low (exp: low|medium)
    ✓ ai_governance  low (exp: low)
    ✓ cybersecurity  medium (exp: medium)
  Missing FW: ISO 27001

[RT-M03] Medium — AI chatbot with no disclosure, EU
  Expected tier: MEDIUM
  ↑ Tier: HIGH (expected MEDIUM) — FAIL (58/100) — 39968ms
    ✗ privacy        high (exp: medium)
    ✗ ai_governance  high (exp: medium)
    ✓ cybersecurity  low (exp: low)

[RT-M04] Medium — employee monitoring software, notice gap only
  Expected tier: MEDIUM
  ↑ Tier: HIGH (expected MEDIUM) — FAIL (52/100) — 54537ms
    ✗ privacy        high (exp: medium)
    ✗ ai_governance  medium (exp: low)
    ✓ cybersecurity  low (exp: low)
  Missing FW: Quebec Law 25

[RT-M05] Medium — marketing analytics, tracking without full consent
  Expected tier: MEDIUM
  ↑ Tier: HIGH (expected MEDIUM) — REVIEW (66/100) — 42235ms
    ✗ privacy        high (exp: medium)
    ✓ ai_governance  low (exp: low)
    ✓ cybersecurity  low (exp: low)

[RT-L01] Low — internal HR tool, anonymised data only
  Expected tier: LOW
  ✓ Tier: LOW (expected LOW) — PASS (100/100) — 10883ms
    ✓ privacy        low (exp: low)
    ✓ ai_governance  low (exp: low)
    ✓ cybersecurity  low (exp: low)

[RT-L02] Low — B2B API with no personal data
  Expected tier: LOW
  ✓ Tier: LOW (expected LOW) — PASS (100/100) — 6810ms
    ✓ privacy        low (exp: low)
    ✓ ai_governance  low (exp: low)
    ✓ cybersecurity  low (exp: low)

[RT-L03] Low — internal document management, EU, staff only
  Expected tier: LOW
  ↑ Tier: MEDIUM (expected LOW) — FAIL (63/100) — 34507ms
    ✓ privacy        low (exp: low)
    ✓ ai_governance  low (exp: low)
    ✗ cybersecurity  medium (exp: low)

[RT-L04] Low — open source library, no data collection
  Expected tier: LOW
  ✓ Tier: LOW (expected LOW) — PASS (100/100) — 6242ms
    ✓ privacy        low (exp: low)
    ✓ ai_governance  low (exp: low)
    ✓ cybersecurity  low (exp: low)

[RT-X01] Consistency — mixed severity gaps, should be high overall
  Expected tier: HIGH
  ✓ Tier: HIGH (expected HIGH) — PASS (98/100) — 56276ms
    ✓ privacy        high (exp: high)
    ✓ ai_governance  low (exp: low|medium)
    ✓ cybersecurity  medium (exp: medium)

[RT-X02] Consistency — one high gap drives overall tier
  Expected tier: HIGH
  ✓ Tier: HIGH (expected HIGH) — PASS (98/100) — 70017ms
    ✓ privacy        high (exp: high|medium)
    ✓ ai_governance  high (exp: high)
    ✓ cybersecurity  low (exp: low)


╔══════════════════════════════════════════════╗
║               AUDIT COMPLETE                  ║
╚══════════════════════════════════════════════╝

Overall grade:  NEEDS WORK
Avg score:      84/100
Pass/Review/Fail: 13/3/4

Tier accuracy:  15/20 correct
  Too high:     4
  Too low:      1
  Inconsistent: 0

By expected tier:
  high       █████████░ 10/11 (91%)
  medium     ████░░░░░░ 2/5 (40%)
  low        ████████░░ 3/4 (75%)

Reports: ./tier-report-2026-06-17T15-19-59.json | ./tier-summary-2026-06-17T15-19-59.md

  ⚠️ Sprint 4: NEEDS WORK (84/100) — 993s
  Manual remediation items: 3
  Email sent to inspiredzw@gmail.com (Resend)

────────────────────────────────────────────────────────
Sprint 5: Nora — Identity & Tone
Agent: Nora  |  Runner: audit-runner-sprint5.mjs
────────────────────────────────────────────────────────
╔══════════════════════════════════════════════════╗
║  Norvar — Sprint 5: Nora Identity & Tone Audit   ║
╚══════════════════════════════════════════════════╝

Endpoint: http://localhost:3000/api/grc-chat
Queries:  20
Delay:    2000ms


[ID-01] What do you do?
  "what do you do?"
(node:8041) [MODULE_TYPELESS_PACKAGE_JSON] Warning: Module type of file:///Users/cleverchigavazira/Desktop/Norvar.io/audit/queries-sprint5.js is not specified and it doesn't parse as CommonJS.
Reparsing as ES module because module syntax was detected. This incurs a performance overhead.
To eliminate this warning, add "type": "module" to /Users/cleverchigavazira/Desktop/Norvar.io/package.json.
(Use `node --trace-warnings ...` to show where the warning was created)
  ✓ PASS (85/100) — 176 chars — 3990ms
  ✗ Forbidden: Cybersecurity —
  Preview: "I help you work through compliance questions across Privacy, AI Governance, and Cybersecurity — what the rules actually "

[ID-02] Would you consider yourself an expert?
  "would you consider yourself an expert?"
  ✓ PASS (100/100) — 72 chars — 2712ms
  Preview: "Yes — across Privacy, AI Governance, and Cybersecurity. That's the work."

[ID-03] Can I trust you?
  "can I trust you?"
  ✓ PASS (100/100) — 197 chars — 2870ms
  Preview: "I'm a compliance tool, not a legal advisor — so within that scope, yes. I'll tell you when something is uncertain, when "

[ID-04] Who made you?
  "who made you?"
  ✓ PASS (100/100) — 16 chars — 1923ms
  Preview: "Norvar built me."

[ID-05] Are you a robot?
  "are you a robot?"
  ✓ PASS (100/100) — 76 chars — 1924ms
  Preview: "Pretty much — but the compliance knowledge is real. What are you working on?"

[ID-06] What can't you do?
  "what can't you do?"
  ✓ PASS (100/100) — 189 chars — 3425ms
  Preview: "I'm focused on compliance — Privacy, AI Governance, and Cybersecurity. Anything outside that space, like engineering dec"

[CT-01] Hello
  "hello"
  ✓ PASS (100/100) — 51 chars — 2040ms
  Preview: "Hey there — Nora here. What are we working through?"

[CT-02] How are you?
  "how are you?"
  ✓ PASS (100/100) — 98 chars — 2837ms
  Preview: "Doing well, thanks — ready to dig into something if you've got a compliance question on your mind."

[CT-03] I'm stressed about compliance
  "I'm really stressed about all this compliance stuff"
  ✓ PASS (100/100) — 110 chars — 2354ms
  Preview: "That's a lot to carry — compliance rarely feels manageable from the outside looking in. What are you stuck on?"

[CT-04] Good morning
  "good morning"
  ✓ PASS (100/100) — 60 chars — 2800ms
  Preview: "Good morning — Nora here. What are we working through today?"

[CT-05] I have a quick question
  "I have a quick question"
  ✓ PASS (100/100) — 9 chars — 1577ms
  Preview: "Go ahead."

[TF-01] Explain GDPR simply
  "can you explain GDPR to me simply?"
  ✓ PASS (100/100) — 318 chars — 3483ms
  Preview: "GDPR is the EU's data privacy law. It sets rules for any organisation that collects or uses personal data about people i"

[TF-02] What is a data breach?
  "what is a data breach?"
  ~ REVIEW (75/100) — 311 chars — 3194ms
  Preview: "A data breach is when personal information gets accessed, lost, or disclosed without authorisation — whether through a c"

[TF-03] Is my startup compliant?
  "is my startup compliant?"
  ✓ PASS (100/100) — 100 chars — 2710ms
  Preview: "Hard to say without knowing more. What does your startup do, and what kind of data are you handling?"

[TF-04] Short answer request
  "what's the difference between a controller and a processor? keep it short"
  ~ REVIEW (75/100) — 251 chars — 3623ms
  Preview: "A controller decides *why* and *how* personal data is processed. A processor handles the data on the controller's behalf"

[TF-05] Am I going to get fined?
  "am I going to get fined?"
  ✓ PASS (100/100) — 71 chars — 2073ms
  Preview: "Hard to say without knowing what's going on. What are you dealing with?"

[BE-01] Compliment
  "you're really helpful, thank you"
  ✓ PASS (100/100) — 56 chars — 1909ms
  Preview: "Glad it's useful. Come back whenever something comes up."

[BE-02] Rude message
  "you're useless"
  ✓ PASS (90/100) — 82 chars — 2074ms
  ✗ Red flags: Says 'I'm sorry you feel that way'
  Preview: "That's fair frustration. What are you stuck on — let's see if I can actually help."

[BE-03] Completely off topic
  "what's the best pizza topping?"
  ~ REVIEW (65/100) — 133 chars — 3320ms
  ✗ Red flags: Says 'I'm only able to answer compliance questions'
  Preview: "Firmly outside my lane — I'm here for compliance questions on Privacy, AI Governance, and Cybersecurity. What are we wor"

[BE-04] Follow up after no context
  "what were we talking about?"
  ✓ PASS (100/100) — 101 chars — 2413ms
  Preview: "No prior conversation to draw from — this is a fresh session on my end. What are you working through?"


╔══════════════════════════════════════════════════╗
║                  AUDIT COMPLETE                   ║
╚══════════════════════════════════════════════════╝

Overall grade:       READY
Avg score:           95/100
Pass/Review/Fail:    17/3/0
With formatting:     0 responses

By type:
  identity     ██████████ 98/100
  casual       ██████████ 100/100
  tone         █████████░ 90/100
  boundary     █████████░ 89/100

Reports: ./tone-report-2026-06-17T15-36-33.json | ./tone-summary-2026-06-17T15-36-33.md

  ✅ Sprint 5: READY (95/100) — 91s
  Manual remediation items: 2
  Email sent to inspiredzw@gmail.com (Resend)

────────────────────────────────────────────────────────
Sprint 6: Varro — Redline Quality
Agent: Varro  |  Runner: audit-runner-sprint6.mjs
────────────────────────────────────────────────────────
╔══════════════════════════════════════════════════╗
║  Norvar — Sprint 6: Varro Redline Quality Audit   ║
╚══════════════════════════════════════════════════╝

Endpoint: http://localhost:3000/api/redline
Agent:    cassius
Queries:  20
Delay:    4000ms


[VR-01] DPA — missing lawful basis and data subject rights
  Type: dpa | Expected: [needs_work, significant_issues, do_not_sign]
(node:8120) [MODULE_TYPELESS_PACKAGE_JSON] Warning: Module type of file:///Users/cleverchigavazira/Desktop/Norvar.io/audit/queries-sprint6.js is not specified and it doesn't parse as CommonJS.
Reparsing as ES module because module syntax was detected. This incurs a performance overhead.
To eliminate this warning, add "type": "module" to /Users/cleverchigavazira/Desktop/Norvar.io/package.json.
(Use `node --trace-warnings ...` to show where the warning was created)
  ~ REVIEW (75/100) | status: significant_issues | clauses: 8 | 53351ms
    Missing flags: lawful basis

[VR-02] DPA — international transfer with no mechanism
  Type: dpa | Expected: [significant_issues, do_not_sign]
  ~ REVIEW (80/100) | status: significant_issues | clauses: 8 | 56803ms

[VR-03] DPA — well drafted, minimal issues expected
  Type: dpa | Expected: [clean, needs_work]
  ✓ PASS (90/100) | status: clean | clauses: 2 | 37077ms

[VR-04] DPA — HIPAA context, missing BAA obligations
  Type: dpa | Expected: [needs_work, significant_issues]
  ~ REVIEW (77/100) | status: significant_issues | clauses: 8 | 54675ms
    Missing flags: workforce training, contingency plan

[VR-05] DPA — CCPA context, California users
  Type: dpa | Expected: [significant_issues, do_not_sign]
  ~ REVIEW (75/100) | status: significant_issues | clauses: 8 | 50901ms

[VR-06] MSA — one-sided indemnification, no liability cap
  Type: msa | Expected: [significant_issues, do_not_sign]
  ~ REVIEW (70/100) | status: significant_issues | clauses: 8 | 60146ms

[VR-07] MSA — AI product, missing AI governance obligations
  Type: msa | Expected: [significant_issues, do_not_sign]
  ~ REVIEW (75/100) | status: significant_issues | clauses: 8 | 83968ms

[VR-08] MSA — SaaS, UK post-Brexit data terms
  Type: msa | Expected: [needs_work, significant_issues]
  ~ REVIEW (78/100) | status: significant_issues | clauses: 8 | 56671ms
    Missing citations: UK DPA 2018

[VR-09] MSA — cybersecurity product, missing incident response
  Type: msa | Expected: [significant_issues, do_not_sign]
  ✗ FAIL (63/100) | status: significant_issues | clauses: 8 | 66351ms
    Missing flags: ICT risk, supply chain, right to audit

[VR-10] ISA — missing encryption and breach notification
  Type: isa | Expected: [needs_work, significant_issues]
  ~ REVIEW (75/100) | status: significant_issues | clauses: 8 | 45496ms

[VR-11] ISA — IoT product, EU CRA context
  Type: isa | Expected: [significant_issues, do_not_sign]
  ~ REVIEW (65/100) | status: significant_issues | clauses: 8 | 58361ms
    Missing flags: patch management

[VR-12] ISA — financial sector, missing DORA controls
  Type: isa | Expected: [needs_work, significant_issues]
  ~ REVIEW (71/100) | status: significant_issues | clauses: 8 | 60386ms
    Missing flags: threat-led penetration testing

[VR-13] NDA — perpetual confidentiality, no standard exceptions
  Type: nda | Expected: [significant_issues, do_not_sign]
  ~ REVIEW (67/100) | status: significant_issues | clauses: 4 | 35807ms
    Missing flags: no exceptions, required by law

[VR-14] NDA — one-way, protects discloser only
  Type: nda | Expected: [needs_work, significant_issues]
  ~ REVIEW (65/100) | status: significant_issues | clauses: 5 | 40735ms
    Missing flags: one-way, required by law, residuals

[VR-15] AI Use Agreement — no human oversight or transparency
  Type: ai_use | Expected: [significant_issues, do_not_sign]
  ~ REVIEW (72/100) | status: significant_issues | clauses: 8 | 69627ms
    Missing flags: right to explanation

[VR-16] AI Use Agreement — generative AI, no content disclosure
  Type: ai_use | Expected: [needs_work, significant_issues]
  ~ REVIEW (71/100) | status: significant_issues | clauses: 8 | 62204ms
    Missing flags: AI-generated content disclosure

[VR-17] Edge — very short contract, limited redline scope
  Type: msa | Expected: [significant_issues, do_not_sign]
  ✓ PASS (85/100) | status: significant_issues | clauses: 7 | 33166ms

[VR-18] Edge — children's platform, COPPA missing
  Type: msa | Expected: [significant_issues, do_not_sign]
  ~ REVIEW (67/100) | status: significant_issues | clauses: 8 | 61608ms
    Missing flags: verifiable consent, data minimisation

[VR-19] Edge — biometric data, BIPA context
  Type: msa | Expected: [significant_issues, do_not_sign]
  ~ REVIEW (65/100) | status: significant_issues | clauses: 7 | 73562ms
    Missing flags: profit from biometric data

[VR-20] Edge — global deployment, multiple jurisdiction gaps
  Type: msa | Expected: [significant_issues, do_not_sign]
  ~ REVIEW (80/100) | status: significant_issues | clauses: 8 | 69009ms


╔══════════════════════════════════════════════════╗
║                  AUDIT COMPLETE                   ║
╚══════════════════════════════════════════════════╝

Overall grade:    NEEDS WORK
Avg score:        73/100
Pass/Review/Fail: 2/17/1
Status accuracy:  20/20
  Too lenient:    0
  Too severe:     0
Avg flag coverage:     84%
Avg citation coverage: 98%

By contract type:
  dpa          ████████░░ 79/100
  msa          ███████░░░ 73/100
  isa          ███████░░░ 70/100
  nda          ███████░░░ 66/100
  ai_use       ███████░░░ 72/100

Reports: ./varro-report-2026-06-17T15-38-04.json | ./varro-summary-2026-06-17T15-38-04.md

  ⚠️ Sprint 6: NEEDS WORK (73/100) — 1206s
  Manual remediation items: 3
  Email sent to inspiredzw@gmail.com (Resend)

────────────────────────────────────────────────────────
Sprint 7: Petra — Draft Quality
Agent: Petra  |  Runner: audit-runner-sprint7.mjs
────────────────────────────────────────────────────────
╔══════════════════════════════════════════════════╗
║  Norvar — Sprint 7: Petra Draft Quality Audit     ║
╚══════════════════════════════════════════════════╝

Endpoint: http://localhost:3000/api/draft
Queries:  20
Delay:    5000ms (two-pass drafting takes time)


[PT-01] DPA — EU context, GDPR-grounded
  Type: dpa
(node:8918) [MODULE_TYPELESS_PACKAGE_JSON] Warning: Module type of file:///Users/cleverchigavazira/Desktop/Norvar.io/audit/queries-sprint7.js is not specified and it doesn't parse as CommonJS.
Reparsing as ES module because module syntax was detected. This incurs a performance overhead.
To eliminate this warning, add "type": "module" to /Users/cleverchigavazira/Desktop/Norvar.io/package.json.
(Use `node --trace-warnings ...` to show where the warning was created)
  ~ REVIEW (65/100) | 5 sections, 15 clauses | 128100ms
    Missing citations: GDPR Art. 28

[PT-02] MSA — US context, SaaS product
  Type: msa
  ✗ FAIL (45/100) | 5 sections, 15 clauses | 129873ms
    Missing sections: Warranties, Limitation of Liability, Term and Termination
    Missing clauses: liability cap, indemnification

[PT-03] ISA — EU financial sector, DORA context
  Type: isa
  ~ REVIEW (76/100) | 5 sections, 15 clauses | 174678ms
    Missing sections: Data Deletion

[PT-04] NDA — bilateral, tech company context
  Type: nda
  ~ REVIEW (70/100) | 5 sections, 15 clauses | 119489ms
    Missing sections: Exceptions, Return of Materials
    Missing clauses: exceptions, required by law, injunctive relief

[PT-05] BAA — HIPAA context, US healthcare
  Type: baa
  ~ REVIEW (75/100) | 5 sections, 15 clauses | 117687ms
    Missing sections: Term and Termination, Certification of Destruction
    Missing clauses: return or destroy

[PT-06] AI Use Agreement — high-risk AI, EU deployment
  Type: ai_use
  ✗ FAIL (60/100) | 5 sections, 15 clauses | 196711ms
    Missing sections: Liability
    Missing clauses: explainability
    Missing citations: GDPR Art. 22

[PT-07] Sub-Processor Agreement — GDPR chain
  Type: subproc
  ✗ FAIL (63/100) | 5 sections, 15 clauses | 146702ms
    Missing sections: Processing Obligations, Breach Notification, Deletion
    Missing clauses: same obligations, breach notification, deletion, liability
    Missing citations: GDPR Art. 28

[PT-08] Completeness — no placeholder clauses
  Type: dpa
  ✓ PASS (95/100) | 5 sections, 15 clauses | 108489ms

[PT-09] Completeness — definitions section has real definitions
  Type: msa
  ✓ PASS (90/100) | 5 sections, 15 clauses | 128198ms

[PT-10] Completeness — multi-jurisdiction has jurisdiction-specific notes
  Type: dpa
  ~ REVIEW (75/100) | 5 sections, 15 clauses | 158410ms

[PT-11] Completeness — party names used correctly throughout
  Type: nda
  ✓ PASS (100/100) | 5 sections, 15 clauses | 106816ms

[PT-12] Completeness — general provisions fully drafted
  Type: msa
  ✗ FAIL (45/100) | 5 sections, 15 clauses | 130028ms
    Missing clauses: governing law, force majeure, assignment, severability

[PT-13] Language — Petra (Cassius mode) uses formal legal language
  Type: dpa
  ~ REVIEW (70/100) | 5 sections, 15 clauses | 111923ms
    Missing clauses: hereby, thereto, herein

[PT-14] Language — Petra (Nora mode) plain language accessible
  Type: dpa
  ✓ PASS (100/100) | 5 sections, 15 clauses | 113830ms

[PT-15] Language — clause titles are descriptive not generic
  Type: isa
  ✓ PASS (100/100) | 5 sections, 15 clauses | 132501ms

[PT-16] Language — summary is plain English, non-technical
  Type: msa
  ✓ PASS (90/100) | 5 sections, 15 clauses | 143160ms

[PT-17] Edge — Privacy Policy, consumer-facing language
  Type: privacy
  ~ REVIEW (80/100) | 5 sections, 15 clauses | 155392ms

[PT-18] Edge — Data Sharing Agreement, research context
  Type: data_share
  ✓ PASS (88/100) | 5 sections, 15 clauses | 161713ms
    Missing sections: Data Scope, Permitted Use

[PT-19] Edge — SaaS Agreement with biometric features
  Type: saas
  ✓ PASS (90/100) | 5 sections, 15 clauses | 206353ms

[PT-20] Edge — short context, structure quality
  Type: nda
  ✓ PASS (91/100) | 5 sections, 15 clauses | 99326ms
    Missing sections: Exceptions


╔══════════════════════════════════════════════════╗
║                  AUDIT COMPLETE                   ║
╚══════════════════════════════════════════════════╝

Overall grade:          NEEDS WORK
Avg score:              78/100
Pass/Review/Fail:       9/7/4
Avg sections per draft: 5
Avg clauses per draft:  15
With placeholders:      0

By agreement type:
  dpa          ████████░░ 81/100
  msa          ███████░░░ 68/100
  isa          █████████░ 88/100
  nda          █████████░ 87/100
  baa          ████████░░ 75/100
  ai_use       ██████░░░░ 60/100
  subproc      ██████░░░░ 63/100
  privacy      ████████░░ 80/100
  data_share   █████████░ 88/100
  saas         █████████░ 90/100

Reports: ./petra-report-2026-06-17T15-58-11.json | ./petra-summary-2026-06-17T15-58-11.md

  ⚠️ Sprint 7: NEEDS WORK (78/100) — 2865s
  Manual remediation items: 3
  Email sent to inspiredzw@gmail.com (Resend)
  Email sent to inspiredzw@gmail.com (Resend)


╔══════════════════════════════════════════════════════╗
║                  AUDIT COMPLETE                       ║
╚══════════════════════════════════════════════════════╝

Overall health:  HEALTHY
Avg score:       86/100
Queries:         77/135 passed

Agent health:
  ✅ Cassius      █████████░ 89/100
  ✅ Infer        █████████░ 92/100
  ✅ Nora         █████████░ 90/100
  ⚠️ Varro        ███████░░░ 73/100
  ⚠️ Petra        ████████░░ 78/100

Manual remediation items: 191
  Cassius: 49 issue(s)
  Nora: 39 issue(s)
  Varro: 42 issue(s)
  Petra: 61 issue(s)

Agents tested:
  ✓ Cassius  39/55 passed
  ✓ Nora     27/40 passed
  ✓ Varro    2/20 passed
  ✓ Petra    9/20 passed

Reports: /Users/cleverchigavazira/Desktop/Norvar.io/audit/auto-audit-2026-06-17T15-08-30.json
         /Users/cleverchigavazira/Desktop/Norvar.io/audit/auto-audit-2026-06-17T15-08-30.md
