/Users/cleverchigavazira/Library/Python/3.9/lib/python/site-packages/urllib3/__init__.py:35: NotOpenSSLWarning: urllib3 v2 only supports OpenSSL 1.1.1+, currently the 'ssl' module is compiled with 'LibreSSL 2.8.3'. See: https://github.com/urllib3/urllib3/issues/3020
  warnings.warn(

====================================================================
  NORVAR — US Privacy Corpus Ingestion Pipeline v2
====================================================================

SETUP_SUPABASE.sql saved (v2 schema).

Connecting...
Corpus: 45 hand-curated + 26 PDF supplement = 71 total
Starting ingestion of 7 regulations...

--------------------------------------------------------------------

▶  coppa-guidance
   COPPA — Children's Online Privacy Protection Act (COPPA) (Guidance)
   OK 117,647 chars from https://www.ftc.gov/business-guidance/resources/complying-co...
   3 chunks — embedding and storing...
   stored 3/3 chunks

▶  executive-order-14117-source-url
   Executive Order 14117 — Preventing Access to Americans' Bulk Sensitive Personal Data (Source Url)
   OK 526 chars from https://www.eeoc.gov/laws/guidance/questions-and-answers-cla...
   1 chunks — embedding and storing...
   stored 1/1 chunks

▶  executive-order-14117-source-url-2
   Executive Order 14117 — Preventing Access to Americans' Bulk Sensitive Personal Data (Source Url)
   OK 16,513 chars from https://www.federalregister.gov/documents/2024/03/01/2024-04...
   4 chunks — embedding and storing...
   stored 4/4 chunks

▶  executive-order-14117-source-url-3
   Executive Order 14117 — Preventing Access to Americans' Bulk Sensitive Personal Data (Source Url)
   OK 241 chars from https://cppa.ca.gov/...
   1 chunks — embedding and storing...
   stored 1/1 chunks

▶  dpdpa-full-text
   DPDPA — Delaware Personal Data Privacy Act (DPDPA) (Full Text)
   OK 3,477 chars from https://legis.delaware.gov/BillDetail/140388...
   1 chunks — embedding and storing...
   stored 1/1 chunks

▶  wa-mhmd-source-url-2
   WA MHMD — Washington My Health MY Data Act (Source Url)
   OK 28,166 chars from https://nyassembly.gov/leg/?bn=S929&term=2025&Summary=Y&Text...
   6 chunks — embedding and storing...
   stored 6/6 chunks

▶  state-guidance
   State / Bill (Guidance)
   OK 5,971 chars from https://www.ftc.gov/legal-library/browse/rules...
   2 chunks — embedding and storing...
   stored 2/2 chunks

====================================================================
  DONE — 7/7 regulations | 18 chunks | v20260613
====================================================================

All regulations ingested.

Running retrieval test...

Query: 'What consent is required before collecting biometric data?'
Top results:

  [BIPA] score: 0.577
  means any individual, partnership, corporation, limited liability company, association, or other group, however organized. A private entity does not include a State or local government agency. A priva...

  [RIDTPPA] score: 0.560
  generated by automatic measurements of an individual's 29 biological characteristics, such as a fingerprint, a voiceprint, eye retinas, irises or other unique 30 biological patterns or characteristics...

  [modpa-full-text] score: 0.549
  BY THE GENERAL ASSEMBLY OF MARYLAND, 23 That the Laws of Maryland read as follows: 24 Article – Commercial Law 25 13–301. 26 Unfair, abusive, or deceptive trade practices include any: 27 (14) Violatio...

